2021-09-18 00:23:45.076  INFO 7913 --- [main] lavalink.server.Launcher                 : 

[32m       .  [31m _                  _ _       _    [32m__ _ _
[32m      /\\ [31m| | __ ___   ____ _| (_)_ __ | | __[32m\ \ \ \
[32m     ( ( )[31m| |/ _` \ \ / / _` | | | '_ \| |/ /[32m \ \ \ \
[32m      \\/ [31m| | (_| |\ V / (_| | | | | | |   < [32m  ) ) ) )
[32m       '  [31m|_|\__,_| \_/ \__,_|_|_|_| |_|_|\_\[32m / / / /
[0m    =========================================[32m/_/_/_/[0m

	Version:        3.3.2.5
	Build:          1222
	Build time:     11.04.2021 08:07:27 UTC
	Branch          master
	Commit:         7b914f2
	Commit time:    09.04.2021 17:14:27 UTC
	JVM:            13.0.2
	Lavaplayer      1.3.76

2021-09-18 00:23:45.107  INFO 7913 --- [main] o.s.boot.SpringApplication               : 
  .   ____          _            __ _ _
 /\\ / ___'_ __ _ _(_)_ __  __ _ \ \ \ \
( ( )\___ | '_ | '_| | '_ \/ _` | \ \ \ \
 \\/  ___)| |_)| | | | | || (_| |  ) ) ) )
  '  |____| .__|_| |_|_| |_\__, | / / / /
 =========|_|==============|___/=/_/_/_/
[32m :: Spring Boot :: [39m      [2m (v2.1.8.RELEASE)[0;39m


2021-09-18 00:23:45.176  INFO 7913 --- [main] lavalink.server.Launcher                 : Starting Launcher on lixitrixi with PID 7913 (/Users/felixleitner/Desktop/dev/bots/Arpeggio/Lavalink.jar started by felixleitner in /Users/felixleitner/Desktop/dev/bots/Arpeggio)
2021-09-18 00:23:45.176  INFO 7913 --- [main] lavalink.server.Launcher                 : No active profile set, falling back to default profiles: default
2021-09-18 00:23:45.186  WARN 7913 --- [background-preinit] o.s.h.c.j.Jackson2ObjectMapperBuilder    : For Jackson Kotlin classes support please add "com.fasterxml.jackson.module:jackson-module-kotlin" to the classpath
2021-09-18 00:23:46.050  WARN 7913 --- [main] io.undertow.websockets.jsr               : UT026010: Buffer pool was not set on WebSocketDeploymentInfo, the default pool will be used
2021-09-18 00:23:46.069  INFO 7913 --- [main] io.undertow.servlet                      : Initializing Spring embedded WebApplicationContext
2021-09-18 00:23:46.069  INFO 7913 --- [main] o.s.web.context.ContextLoader            : Root WebApplicationContext: initialization completed in 857 ms
2021-09-18 00:23:46.326  WARN 7913 --- [main] l.server.config.SentryConfiguration      : Turning off sentry
2021-09-18 00:23:46.628  INFO 7913 --- [main] c.s.d.l.tools.GarbageCollectionMonitor   : GC monitoring enabled, reporting results every 2 minutes.
2021-09-18 00:23:46.778  INFO 7913 --- [main] lavalink.server.config.KoeConfiguration  : OS: Mac OS X, Arch: x86_64
2021-09-18 00:23:46.779  WARN 7913 --- [main] lavalink.server.config.KoeConfiguration  : This system and architecture appears to not support native audio sending! GC pauses may cause your bot to stutter during playback.
2021-09-18 00:23:46.972  INFO 7913 --- [main] o.s.s.concurrent.ThreadPoolTaskExecutor  : Initializing ExecutorService 'applicationTaskExecutor'
2021-09-18 00:23:47.245  INFO 7913 --- [main] org.xnio                                 : XNIO version 3.3.8.Final
2021-09-18 00:23:47.255  INFO 7913 --- [main] org.xnio.nio                             : XNIO NIO Implementation Version 3.3.8.Final
2021-09-18 00:23:47.328  INFO 7913 --- [main] o.s.b.w.e.u.UndertowServletWebServer     : Undertow started on port(s) 2333 (http) with context path ''
2021-09-18 00:23:47.332  INFO 7913 --- [main] lavalink.server.Launcher                 : Started Launcher in 2.657 seconds (JVM running for 3.272)
2021-09-18 00:23:47.334  INFO 7913 --- [main] lavalink.server.Launcher                 : You can safely ignore the big red warning about illegal reflection. See https://github.com/Frederikam/Lavalink/issues/295
2021-09-18 00:24:02.470  INFO 7913 --- [XNIO-1 task-1] io.undertow.servlet                      : Initializing Spring DispatcherServlet 'dispatcherServlet'
2021-09-18 00:24:02.471  INFO 7913 --- [XNIO-1 task-1] o.s.web.servlet.DispatcherServlet        : Initializing Servlet 'dispatcherServlet'
2021-09-18 00:24:02.476  INFO 7913 --- [XNIO-1 task-1] o.s.web.servlet.DispatcherServlet        : Completed initialization in 5 ms
2021-09-18 00:24:02.491  INFO 7913 --- [XNIO-1 task-1] l.server.io.HandshakeInterceptorImpl     : Incoming connection from /127.0.0.1:58152
2021-09-18 00:24:02.535  INFO 7913 --- [XNIO-1 task-1] lavalink.server.io.SocketServer          : Connection successfully established from /127.0.0.1:58152
2021-09-18 00:25:02.484  INFO 7913 --- [XNIO-1 I/O-4] lavalink.server.io.SocketServer          : {"op": "voiceUpdate", "guildId": "883170966962847814", "sessionId": "0f5f04e911b112b1e6e0a843236f1d64", "event": {"token": "425899a16837865e", "guild_id": "883170966962847814", "endpoint": "newark6713.discord.media:443"}}
2021-09-18 00:27:25.481  INFO 7913 --- [XNIO-1 task-2] l.server.player.AudioLoaderRestHandler   : Got request to load for identifier "ytsearch:acoustic lightbringer"
2021-09-18 00:27:26.519  INFO 7913 --- [lava-daemon-pool-info-loader-2-thread-1] lavalink.server.player.AudioLoader       : Loaded playlist Search results for: acoustic lightbringer
2021-09-18 00:27:26.536  INFO 7913 --- [XNIO-1 I/O-4] lavalink.server.io.SocketServer          : {"op": "play", "guildId": "883170966962847814", "track": "QAAAsgIASExpZ2h0YnJpbmdlciAoQWNvdXN0aWMpIHwgUGVudGFraWxsIElJSTogTG9zdCBDaGFwdGVyIHwgUmlvdCBHYW1lcyBNdXNpYwAQUmlvdCBHYW1lcyBNdXNpYwAAAAAAAvm4AAtvWFNMWUVxRm5PNAABACtodHRwczovL3d3dy55b3V0dWJlLmNvbS93YXRjaD92PW9YU0xZRXFGbk80AAd5b3V0dWJlAAAAAAAAAAA=", "noReplace": false, "startTime": "0"}
2021-09-18 00:29:02.430  INFO 7913 --- [XNIO-1 task-4] l.server.player.AudioLoaderRestHandler   : Got request to load for identifier "ytsearch:hozier"
2021-09-18 00:29:03.220  INFO 7913 --- [lava-daemon-pool-info-loader-2-thread-1] lavalink.server.player.AudioLoader       : Loaded playlist Search results for: hozier
2021-09-18 00:30:08.812  INFO 7913 --- [XNIO-1 task-6] l.server.player.AudioLoaderRestHandler   : Got request to load for identifier "ytsearch:heilung"
2021-09-18 00:30:09.475  INFO 7913 --- [lava-daemon-pool-info-loader-2-thread-1] lavalink.server.player.AudioLoader       : Loaded playlist Search results for: heilung
2021-09-18 00:30:46.149  INFO 7913 --- [XNIO-1 task-8] l.server.player.AudioLoaderRestHandler   : Got request to load for identifier "ytsearch:equilibrium"
2021-09-18 00:30:46.882  INFO 7913 --- [lava-daemon-pool-info-loader-2-thread-1] lavalink.server.player.AudioLoader       : Loaded playlist Search results for: equilibrium
2021-09-18 00:30:54.374  INFO 7913 --- [XNIO-1 task-10] l.server.player.AudioLoaderRestHandler   : Got request to load for identifier "ytsearch:aequilibrium andery vinograndov"
2021-09-18 00:30:55.092  INFO 7913 --- [lava-daemon-pool-info-loader-2-thread-1] lavalink.server.player.AudioLoader       : Loaded playlist Search results for: aequilibrium andery vinograndov
2021-09-18 00:30:55.096  INFO 7913 --- [XNIO-1 I/O-4] lavalink.server.io.SocketServer          : {"op": "play", "guildId": "883170966962847814", "track": "QAAAngIAM0FlcXVpbGlicml1bS4gTWVkaWV2YWwgVHVuZS4gSHVyZHktR3VyZHkgV2l0aCBPcmdhbgARQW5kcmV5IFZpbm9ncmFkb3YAAAAAAALK2AALd3d5em5vV0pESEkAAQAraHR0cHM6Ly93d3cueW91dHViZS5jb20vd2F0Y2g/dj13d3l6bm9XSkRISQAHeW91dHViZQAAAAAAAAAA", "noReplace": false, "startTime": "0"}
2021-09-18 00:31:14.871  INFO 7913 --- [XNIO-1 task-12] l.server.player.AudioLoaderRestHandler   : Got request to load for identifier "ytsearch:strangers in lock step trent renzor"
2021-09-18 00:31:15.691  INFO 7913 --- [lava-daemon-pool-info-loader-2-thread-1] lavalink.server.player.AudioLoader       : Loaded playlist Search results for: strangers in lock step trent renzor
2021-09-18 00:32:06.241  INFO 7913 --- [XNIO-1 task-14] l.server.player.AudioLoaderRestHandler   : Got request to load for identifier "ytsearch:heilung hakkers"
2021-09-18 00:32:06.768  INFO 7913 --- [lava-daemon-pool-info-loader-2-thread-1] lavalink.server.player.AudioLoader       : Loaded playlist Search results for: heilung hakkers
2021-09-18 00:32:17.871  INFO 7913 --- [XNIO-1 task-16] l.server.player.AudioLoaderRestHandler   : Got request to load for identifier "ytsearch:drum bun"
2021-09-18 00:32:18.492  INFO 7913 --- [lava-daemon-pool-info-loader-2-thread-1] lavalink.server.player.AudioLoader       : Loaded playlist Search results for: drum bun
2021-09-18 00:33:57.885  INFO 7913 --- [XNIO-1 I/O-4] lavalink.server.io.SocketServer          : {"op": "play", "guildId": "883170966962847814", "track": "QAAAgwIAFVN0cmFuZ2VycyBpbiBMb2Nrc3RlcAAUVHJlbnQgUmV6bm9yIC0gVG9waWMAAAAAAASMEAALZElCVHNVelByY1EAAQAraHR0cHM6Ly93d3cueW91dHViZS5jb20vd2F0Y2g/dj1kSUJUc1V6UHJjUQAHeW91dHViZQAAAAAAAAAA", "noReplace": false, "startTime": "0"}
2021-09-18 00:34:34.719  INFO 7913 --- [XNIO-1 task-18] l.server.player.AudioLoaderRestHandler   : Got request to load for identifier "ytsearch:leveret king's barrow"
2021-09-18 00:34:35.386  INFO 7913 --- [lava-daemon-pool-info-loader-2-thread-1] lavalink.server.player.AudioLoader       : Loaded playlist Search results for: leveret king's barrow
2021-09-18 00:34:54.204  INFO 7913 --- [XNIO-1 task-20] l.server.player.AudioLoaderRestHandler   : Got request to load for identifier "ytsearch:the highway man over the garden"
2021-09-18 00:34:54.885  INFO 7913 --- [lava-daemon-pool-info-loader-2-thread-1] lavalink.server.player.AudioLoader       : Loaded playlist Search results for: the highway man over the garden
2021-09-18 00:35:58.203  INFO 7913 --- [XNIO-1 task-22] l.server.player.AudioLoaderRestHandler   : Got request to load for identifier "ytsearch:patient is the night over the garden"
2021-09-18 00:35:58.970  INFO 7913 --- [lava-daemon-pool-info-loader-2-thread-1] lavalink.server.player.AudioLoader       : Loaded playlist Search results for: patient is the night over the garden
2021-09-18 00:38:56.103  INFO 7913 --- [XNIO-1 I/O-4] lavalink.server.io.SocketServer          : {"op": "play", "guildId": "883170966962847814", "track": "QAAAhAIAI0hlaWx1bmcgfCBMSUZBIC0gSGFra2Vyc2thbGR5ciBMSVZFAAdIZWlsdW5nAAAAAAACs2gAC0RLSjN0S1JLSGVjAAEAK2h0dHBzOi8vd3d3LnlvdXR1YmUuY29tL3dhdGNoP3Y9REtKM3RLUktIZWMAB3lvdXR1YmUAAAAAAAAAAA==", "noReplace": false, "startTime": "0"}
2021-09-18 00:41:53.622  INFO 7913 --- [XNIO-1 I/O-4] lavalink.server.io.SocketServer          : {"op": "play", "guildId": "883170966962847814", "track": "QAAAiAIAI0NhbmNpw7NuIG1pbGl0YXIgcnVtYW5hOiAiRHJ1bSBCdW4iAAtaYWthcm5vayBUVgAAAAAAAXMYAAs0bDVmTktsQzljawABACtodHRwczovL3d3dy55b3V0dWJlLmNvbS93YXRjaD92PTRsNWZOS2xDOWNrAAd5b3V0dWJlAAAAAAAAAAA=", "noReplace": false, "startTime": "0"}
2021-09-18 00:43:28.603  INFO 7913 --- [XNIO-1 I/O-4] lavalink.server.io.SocketServer          : {"op": "play", "guildId": "883170966962847814", "track": "QAAAkQIALExldmVyZXQgLSBOb3J0aGVybiBMYXNzIC8gVGhlIEtpbmdzJyBCYXJyb3dzAAtTYW0gU3dlZW5leQAAAAAAA+QYAAs3Q0QteUxHXy1hQQABACtodHRwczovL3d3dy55b3V0dWJlLmNvbS93YXRjaD92PTdDRC15TEdfLWFBAAd5b3V0dWJlAAAAAAAAAAA=", "noReplace": false, "startTime": "0"}
2021-09-18 00:47:44.466  INFO 7913 --- [XNIO-1 I/O-4] lavalink.server.io.SocketServer          : {"op": "play", "guildId": "883170966962847814", "track": "QAAAiQIAKkknbSBUaGUgSGlnaHdheSBNYW4gLSBPdmVyIHRoZSBHYXJkZW4gV2FsbAAFQy1NYW4AAAAAAADHOAALOW9acHZpWjItd3MAAQAraHR0cHM6Ly93d3cueW91dHViZS5jb20vd2F0Y2g/dj05b1pwdmlaMi13cwAHeW91dHViZQAAAAAAAAAA", "noReplace": false, "startTime": "0"}
2021-09-18 00:48:35.685  INFO 7913 --- [XNIO-1 I/O-4] lavalink.server.io.SocketServer          : {"op": "play", "guildId": "883170966962847814", "track": "QAAAzwIAZU92ZXIgVGhlIEdhcmRlbiBXYWxsIE9mZmljaWFsIFNvdW5kdHJhY2sgfCBQYXRpZW50IElzIHRoZSBOaWdodCDigJMgVGhlIEJsYXN0aW5nIENvbXBhbnkgfCBXYXRlclRvd2VyABBXYXRlclRvd2VyIE11c2ljAAAAAAABV8AAC0dhbVdRZFFTV21ZAAEAK2h0dHBzOi8vd3d3LnlvdXR1YmUuY29tL3dhdGNoP3Y9R2FtV1FkUVNXbVkAB3lvdXR1YmUAAAAAAAAAAA==", "noReplace": false, "startTime": "0"}
2021-09-18 01:11:12.410  INFO 7913 --- [XNIO-1 task-24] l.server.player.AudioLoaderRestHandler   : Got request to load for identifier "ytsearch:the only thing they fear is you"
2021-09-18 01:11:13.190  INFO 7913 --- [lava-daemon-pool-info-loader-2-thread-1] lavalink.server.player.AudioLoader       : Loaded playlist Search results for: the only thing they fear is you
2021-09-18 01:11:13.195  INFO 7913 --- [XNIO-1 I/O-4] lavalink.server.io.SocketServer          : {"op": "play", "guildId": "883170966962847814", "track": "QAAAowIAQERvb20gRXRlcm5hbCBPU1QgLSBUaGUgT25seSBUaGluZyB0aGV5IEZlYXIgaXMgWW91IChNaWNrIEdvcmRvbikACUFOR0VMNEVWQQAAAAAABKtQAAtUMTJ5Z3NwOU12ZwABACtodHRwczovL3d3dy55b3V0dWJlLmNvbS93YXRjaD92PVQxMnlnc3A5TXZnAAd5b3V0dWJlAAAAAAAAAAA=", "noReplace": false, "startTime": "0"}
2021-09-18 01:11:23.954  INFO 7913 --- [XNIO-1 task-26] l.server.player.AudioLoaderRestHandler   : Got request to load for identifier "ytsearch:du hast"
2021-09-18 01:11:24.578  INFO 7913 --- [lava-daemon-pool-info-loader-2-thread-1] lavalink.server.player.AudioLoader       : Loaded playlist Search results for: du hast
2021-09-18 01:16:19.264  INFO 7913 --- [XNIO-1 I/O-4] lavalink.server.io.SocketServer          : {"op": "play", "guildId": "883170966962847814", "track": "QAAAkAIAJFJhbW1zdGVpbiAtIER1IEhhc3QgKE9mZmljaWFsIFZpZGVvKQASUmFtbXN0ZWluIE9mZmljaWFsAAAAAAADmeAAC1czcThPZDVxSmlvAAEAK2h0dHBzOi8vd3d3LnlvdXR1YmUuY29tL3dhdGNoP3Y9VzNxOE9kNXFKaW8AB3lvdXR1YmUAAAAAAAAAAA==", "noReplace": false, "startTime": "0"}
2021-09-18 01:16:40.061  INFO 7913 --- [XNIO-1 task-28] l.server.player.AudioLoaderRestHandler   : Got request to load for identifier "ytsearch:meathook"
2021-09-18 01:16:40.787  INFO 7913 --- [lava-daemon-pool-info-loader-2-thread-1] lavalink.server.player.AudioLoader       : Loaded playlist Search results for: meathook
2021-09-18 01:20:15.684  INFO 7913 --- [XNIO-1 I/O-4] lavalink.server.io.SocketServer          : {"op": "play", "guildId": "883170966962847814", "track": "QAAAiwIAKShNaWNrIEdvcmRvbikgRG9vbSBFdGVybmFsIE9TVCAtIE1lYXRob29rAAhEb29tU3BhbQAAAAAABZmYAAtuZ0FpNEp6TDJyVQABACtodHRwczovL3d3dy55b3V0dWJlLmNvbS93YXRjaD92PW5nQWk0SnpMMnJVAAd5b3V0dWJlAAAAAAAAAAA=", "noReplace": false, "startTime": "0"}
2021-09-18 01:33:13.524  INFO 7913 --- [XNIO-1 task-30] l.server.player.AudioLoaderRestHandler   : Got request to load for identifier "ytsearch:rip and tear"
2021-09-18 01:33:14.333  INFO 7913 --- [lava-daemon-pool-info-loader-2-thread-1] lavalink.server.player.AudioLoader       : Loaded playlist Search results for: rip and tear
2021-09-18 01:33:14.337  INFO 7913 --- [XNIO-1 I/O-4] lavalink.server.io.SocketServer          : {"op": "play", "guildId": "883170966962847814", "track": "QAAAgQIAHE1pY2sgR29yZG9uIC0gMDIuIFJpcCAmIFRlYXIAC01pY2sgR29yZG9uAAAAAAAD79AAC3paTWc5cnllV093AAEAK2h0dHBzOi8vd3d3LnlvdXR1YmUuY29tL3dhdGNoP3Y9elpNZzlyeWVXT3cAB3lvdXR1YmUAAAAAAAAAAA==", "noReplace": false, "startTime": "0"}
2021-09-18 01:38:34.588  INFO 7913 --- [XNIO-1 task-32] l.server.player.AudioLoaderRestHandler   : Got request to load for identifier "ytsearch:lose yourself eminem"
2021-09-18 01:38:35.530  INFO 7913 --- [lava-daemon-pool-info-loader-2-thread-1] lavalink.server.player.AudioLoader       : Loaded playlist Search results for: lose yourself eminem
2021-09-18 01:38:35.535  INFO 7913 --- [XNIO-1 I/O-4] lavalink.server.io.SocketServer          : {"op": "play", "guildId": "883170966962847814", "track": "QAAAfgIAG0VtaW5lbSAtIExvc2UgWW91cnNlbGYgW0hEXQAJbXN2b2d1ZTIzAAAAAAAE8aAAC19ZaHlwLV9oWDJzAAEAK2h0dHBzOi8vd3d3LnlvdXR1YmUuY29tL3dhdGNoP3Y9X1loeXAtX2hYMnMAB3lvdXR1YmUAAAAAAAAAAA==", "noReplace": false, "startTime": "0"}
2021-09-18 01:40:55.618  INFO 7913 --- [XNIO-1 task-34] l.server.player.AudioLoaderRestHandler   : Got request to load for identifier "ytsearch:the real slim shady"
2021-09-18 01:40:56.300  INFO 7913 --- [lava-daemon-pool-info-loader-2-thread-1] lavalink.server.player.AudioLoader       : Loaded playlist Search results for: the real slim shady
2021-09-18 01:43:59.544  INFO 7913 --- [XNIO-1 I/O-4] lavalink.server.io.SocketServer          : {"op": "play", "guildId": "883170966962847814", "track": "QAAAogIAPUVtaW5lbSAtIFRoZSBSZWFsIFNsaW0gU2hhZHkgKE9mZmljaWFsIFZpZGVvIC0gQ2xlYW4gVmVyc2lvbikAC0VtaW5lbU11c2ljAAAAAAAEGsgAC2VKTzVIVV83XzF3AAEAK2h0dHBzOi8vd3d3LnlvdXR1YmUuY29tL3dhdGNoP3Y9ZUpPNUhVXzdfMXcAB3lvdXR1YmUAAAAAAAAAAA==", "noReplace": false, "startTime": "0"}
2021-09-18 01:47:48.221  INFO 7913 --- [XNIO-1 task-36] l.server.player.AudioLoaderRestHandler   : Got request to load for identifier "ytsearch:rice balls pink guy"
2021-09-18 01:47:48.927  INFO 7913 --- [lava-daemon-pool-info-loader-2-thread-1] lavalink.server.player.AudioLoader       : Loaded playlist Search results for: rice balls pink guy
2021-09-18 01:47:53.244  INFO 7913 --- [XNIO-1 task-38] l.server.player.AudioLoaderRestHandler   : Got request to load for identifier "ytsearch:fried noodles pink guy"
2021-09-18 01:47:53.825  INFO 7913 --- [lava-daemon-pool-info-loader-2-thread-1] lavalink.server.player.AudioLoader       : Loaded playlist Search results for: fried noodles pink guy
2021-09-18 01:48:28.641  INFO 7913 --- [XNIO-1 I/O-4] lavalink.server.io.SocketServer          : {"op": "play", "guildId": "883170966962847814", "track": "QAAAcQIAClJJQ0UgQkFMTFMADVRWRmlsdGh5RnJhbmsAAAAAAAMY+AALTGVNVkR1SU8zSjAAAQAraHR0cHM6Ly93d3cueW91dHViZS5jb20vd2F0Y2g/dj1MZU1WRHVJTzNKMAAHeW91dHViZQAAAAAAAAAA", "noReplace": false, "startTime": "0"}
2021-09-18 01:49:22.877  INFO 7913 --- [XNIO-1 task-40] l.server.player.AudioLoaderRestHandler   : Got request to load for identifier "ytsearch:in my room icp"
2021-09-18 01:49:23.438  INFO 7913 --- [lava-daemon-pool-info-loader-2-thread-1] lavalink.server.player.AudioLoader       : Loaded playlist Search results for: in my room icp
2021-09-18 01:51:51.503  INFO 7913 --- [XNIO-1 I/O-4] lavalink.server.io.SocketServer          : {"op": "play", "guildId": "883170966962847814", "track": "QAAAdAIADUZSSUVEIE5PT0RMRVMADVRWRmlsdGh5RnJhbmsAAAAAAAKf4AALQW5pXzZJUlYyMEEAAQAraHR0cHM6Ly93d3cueW91dHViZS5jb20vd2F0Y2g/dj1BbmlfNklSVjIwQQAHeW91dHViZQAAAAAAAAAA", "noReplace": false, "startTime": "0"}
2021-09-18 01:52:05.814  INFO 7913 --- [XNIO-1 task-42] l.server.player.AudioLoaderRestHandler   : Got request to load for identifier "ytsearch:my axe icp"
2021-09-18 01:52:06.496  INFO 7913 --- [lava-daemon-pool-info-loader-2-thread-1] lavalink.server.player.AudioLoader       : Loaded playlist Search results for: my axe icp
2021-09-18 01:54:43.184  INFO 7913 --- [XNIO-1 I/O-4] lavalink.server.io.SocketServer          : {"op": "play", "guildId": "883170966962847814", "track": "QAAAdQIAF0lDUCAtIEluIE15IFJvb20gTHlyaWNzAARGQzUyAAAAAAADhlgAC2llWTBaajZCRkFjAAEAK2h0dHBzOi8vd3d3LnlvdXR1YmUuY29tL3dhdGNoP3Y9aWVZMFpqNkJGQWMAB3lvdXR1YmUAAAAAAAAAAA==", "noReplace": false, "startTime": "0"}
2021-09-18 01:58:34.962  INFO 7913 --- [XNIO-1 I/O-4] lavalink.server.io.SocketServer          : {"op": "play", "guildId": "883170966962847814", "track": "QAAAcgIABk15IEF4ZQASSW5zYW5lIENsb3duIFBvc3NlAAAAAAADjigAC1oyMVBLdmxfVF8wAAEAK2h0dHBzOi8vd3d3LnlvdXR1YmUuY29tL3dhdGNoP3Y9WjIxUEt2bF9UXzAAB3lvdXR1YmUAAAAAAAAAAA==", "noReplace": false, "startTime": "0"}
2021-09-18 12:36:01.619  INFO 7913 --- [XNIO-1 task-44] l.server.player.AudioLoaderRestHandler   : Got request to load for identifier "ytsearch:what is love"
2021-09-18 12:36:01.678  INFO 7913 --- [XNIO-1 I/O-4] lavalink.server.io.SocketServer          : {"op": "voiceUpdate", "guildId": "883170966962847814", "sessionId": "93c870240fa166b10bb9fdca61ce4f7d", "event": {"token": "9b25cf67e08d0571", "guild_id": "883170966962847814", "endpoint": "newark8366.discord.media:443"}}
2021-09-18 12:36:02.699  INFO 7913 --- [lava-daemon-pool-info-loader-2-thread-1] lavalink.server.player.AudioLoader       : Loaded playlist Search results for: what is love
2021-09-18 12:36:02.703  INFO 7913 --- [XNIO-1 I/O-4] lavalink.server.io.SocketServer          : {"op": "play", "guildId": "883170966962847814", "track": "QAAAjwIAIkhhZGRhd2F5IC0gV2hhdCBJcyBMb3ZlIFtPZmZpY2lhbF0AE0NvY29udXRNdXNpY0dlcm1hbnkAAAAAAAOtaAALSEVYV1JURWJqMUkAAQAraHR0cHM6Ly93d3cueW91dHViZS5jb20vd2F0Y2g/dj1IRVhXUlRFYmoxSQAHeW91dHViZQAAAAAAAAAA", "noReplace": false, "startTime": "0"}
2021-09-18 12:41:51.734  INFO 7913 --- [XNIO-1 task-46] l.server.player.AudioLoaderRestHandler   : Got request to load for identifier "ytsearch:what is love"
2021-09-18 12:41:52.829  INFO 7913 --- [lava-daemon-pool-info-loader-2-thread-1] lavalink.server.player.AudioLoader       : Loaded playlist Search results for: what is love
2021-09-18 12:41:52.833  INFO 7913 --- [XNIO-1 I/O-4] lavalink.server.io.SocketServer          : {"op": "play", "guildId": "883170966962847814", "track": "QAAAjwIAIkhhZGRhd2F5IC0gV2hhdCBJcyBMb3ZlIFtPZmZpY2lhbF0AE0NvY29udXRNdXNpY0dlcm1hbnkAAAAAAAOtaAALSEVYV1JURWJqMUkAAQAraHR0cHM6Ly93d3cueW91dHViZS5jb20vd2F0Y2g/dj1IRVhXUlRFYmoxSQAHeW91dHViZQAAAAAAAAAA", "noReplace": false, "startTime": "0"}
2021-09-18 12:42:00.057  INFO 7913 --- [XNIO-1 I/O-4] lavalink.server.io.SocketServer          : {"op": "stop", "guildId": "883170966962847814"}
2021-09-18 12:42:27.336  INFO 7913 --- [XNIO-1 task-48] l.server.player.AudioLoaderRestHandler   : Got request to load for identifier "ytsearch:what is love"
2021-09-18 12:42:28.148  INFO 7913 --- [lava-daemon-pool-info-loader-2-thread-1] lavalink.server.player.AudioLoader       : Loaded playlist Search results for: what is love
2021-09-18 12:42:28.153  INFO 7913 --- [XNIO-1 I/O-4] lavalink.server.io.SocketServer          : {"op": "play", "guildId": "883170966962847814", "track": "QAAAjwIAIkhhZGRhd2F5IC0gV2hhdCBJcyBMb3ZlIFtPZmZpY2lhbF0AE0NvY29udXRNdXNpY0dlcm1hbnkAAAAAAAOtaAALSEVYV1JURWJqMUkAAQAraHR0cHM6Ly93d3cueW91dHViZS5jb20vd2F0Y2g/dj1IRVhXUlRFYmoxSQAHeW91dHViZQAAAAAAAAAA", "noReplace": false, "startTime": "0"}
2021-09-18 12:43:03.819  INFO 7913 --- [XNIO-1 I/O-4] lavalink.server.io.SocketServer          : {"op": "stop", "guildId": "883170966962847814"}
2021-09-18 12:45:36.723  INFO 7913 --- [XNIO-1 task-50] l.server.player.AudioLoaderRestHandler   : Got request to load for identifier "ytsearch:potatoes and molasses"
2021-09-18 12:45:37.488  INFO 7913 --- [lava-daemon-pool-info-loader-2-thread-1] lavalink.server.player.AudioLoader       : Loaded playlist Search results for: potatoes and molasses
2021-09-18 12:45:37.492  INFO 7913 --- [XNIO-1 I/O-4] lavalink.server.io.SocketServer          : {"op": "play", "guildId": "883170966962847814", "track": "QAAApwIAPk92ZXIgVGhlIEdhcmRlbiBXYWxsIHwgUG90YXRvZXMgYW5kIE1vbGFzc2VzIHwgQ2FydG9vbiBOZXR3b3JrAA9DYXJ0b29uIE5ldHdvcmsAAAAAAAHckAALUTR2cnlaVHI2TUEAAQAraHR0cHM6Ly93d3cueW91dHViZS5jb20vd2F0Y2g/dj1RNHZyeVpUcjZNQQAHeW91dHViZQAAAAAAAAAA", "noReplace": false, "startTime": "0"}
2021-09-18 12:48:02.861  INFO 7913 --- [XNIO-1 I/O-4] lavalink.server.io.SocketServer          : Connection closed from /127.0.0.1:58152 -- CloseStatus[code=1006, reason=]
2021-09-18 12:48:02.862  INFO 7913 --- [XNIO-1 I/O-4] lavalink.server.io.SocketContext         : Shutting down 0 playing players.
2021-09-18 12:48:09.438  INFO 7913 --- [Thread-1] o.s.s.concurrent.ThreadPoolTaskExecutor  : Shutting down ExecutorService 'applicationTaskExecutor'
2021-09-18 12:48:09.439  INFO 7913 --- [Thread-1] c.s.d.l.tools.GarbageCollectionMonitor   : GC monitoring disabled.
2021-09-18 12:48:09.443  INFO 7913 --- [Thread-1] io.undertow.servlet                      : Destroying Spring FrameworkServlet 'dispatcherServlet'
